diff from baseline1: k = 4
=====================
size = 100
reading data...done
0     0.86    0.51979    0.52552
1     1.63    0.51506    0.52141
2     2.64    0.51317    0.51985
3     3.52    0.51136    0.51827
4     4.36    0.50997    0.51746
5     5.12    0.50937    0.51720
6     6.00    0.50849    0.51700
7     7.30    0.50785    0.51701
8     8.37    0.50725    0.51675
9     9.36    0.50699    0.51667
10    10.18    0.50642    0.51628
11    11.40    0.50597    0.51634
12    12.53    0.50576    0.51628
13    13.58    0.50532    0.51607
14    14.63    0.50490    0.51628
15    15.85    0.50480    0.51622
16    16.88    0.50452    0.51622
17    18.03    0.50441    0.51644
18    19.06    0.50427    0.51662
19    20.18    0.50395    0.51669
20    21.28    0.50372    0.51663
21    22.15    0.50350    0.51663
22    23.17    0.50325    0.51679
23    24.29    0.50308    0.51687
24    25.63    0.50300    0.51691
25    26.79    0.50288    0.51695
26    27.67    0.50261    0.51688
27    28.55    0.50235    0.51688
28    29.71    0.50219    0.51710
29    30.72    0.50192    0.51725
reading data...Va...done
initializing model...done
0     4.50    0.34469    0.50046
1     8.98    0.31585    0.49326
2    13.48    0.30810    0.48784
3    17.97    0.31548    0.48401
4    22.46    0.30878    0.48090
5    26.96    0.30940    0.47873
6    31.48    0.29681    0.47706
7    35.98    0.29996    0.47533
8    40.47    0.30234    0.47402
9    44.96    0.30069    0.47303
10    49.45    0.29319    0.47213
11    53.96    0.29419    0.47125
12    58.45    0.29025    0.47070
13    62.91    0.28899    0.47006
14    67.39    0.29042    0.46952
15    71.89    0.28418    0.46913
16    76.37    0.28498    0.46894
17    80.86    0.28398    0.46864
18    85.38    0.28305    0.46857
19    89.87    0.27874    0.46842
20    94.36    0.27518    0.46834
21    98.82    0.27196    0.46847
22   103.31    0.27142    0.46864
23   107.80    0.27030    0.46879
24   112.31    0.27387    0.46907
25   116.82    0.26568    0.46931
26   121.34    0.26618    0.46967
27   125.85    0.26101    0.47007
28   130.36    0.26029    0.47061
29   134.86    0.25202    0.47112
30   139.33    0.24915    0.47174
31   143.82    0.24772    0.47234
32   148.29    0.24209    0.47302
33   152.77    0.24088    0.47384
34   157.27    0.23130    0.47456
35   161.74    0.22931    0.47542
36   166.20    0.22358    0.47634
37   170.68    0.23065    0.47728
38   175.13    0.21980    0.47833
39   179.60    0.22418    0.47929
size = 10
reading data...done
0    10.40    0.52127    0.52781
1    22.28    0.51673    0.52315
2    34.95    0.51451    0.52106
3    49.00    0.51304    0.51959
4    58.91    0.51207    0.51875
5    66.83    0.51135    0.51799
6    75.58    0.51072    0.51745
7    85.57    0.51033    0.51705
8    95.06    0.50990    0.51664
9   104.67    0.50969    0.51643
10   113.29    0.50933    0.51602
11   120.95    0.50881    0.51549
12   129.63    0.50858    0.51532
13   139.26    0.50845    0.51525
14   146.88    0.50826    0.51509
15   156.45    0.50818    0.51504
16   159.85    0.50798    0.51482
17   163.05    0.50777    0.51463
18   165.72    0.50763    0.51454
19   169.11    0.50750    0.51446
20   172.43    0.50741    0.51441
21   175.81    0.50727    0.51431
22   178.75    0.50721    0.51426
23   182.12    0.50710    0.51418
24   185.40    0.50702    0.51416
25   188.49    0.50694    0.51413
26   191.38    0.50680    0.51403
27   194.40    0.50672    0.51399
28   197.26    0.50662    0.51392
29   199.91    0.50655    0.51387
reading data...Va...done
initializing model...done
0    41.94    0.31154    0.47556
1    83.78    0.29729    0.46874
2   125.70    0.29509    0.46541
3   167.76    0.29008    0.46330
4   209.63    0.29015    0.46176
5   251.53    0.29069    0.46058
6   293.34    0.28566    0.45969
7   335.13    0.28518    0.45884
8   376.89    0.28248    0.45820
9   418.60    0.28209    0.45763
10   460.39    0.27860    0.45718
11   502.21    0.28059    0.45674
12   544.03    0.27803    0.45648
13   585.85    0.27686    0.45620
14   627.74    0.27427    0.45597
15   669.51    0.27336    0.45585
16   711.24    0.27409    0.45575
17   753.07    0.27413    0.45567
18   794.89    0.26965    0.45570
19   836.66    0.26499    0.45573
20   878.50    0.27000    0.45584
21   920.34    0.26794    0.45596
22   962.11    0.26406    0.45616
23  1003.86    0.26816    0.45644
24  1045.66    0.26191    0.45667
25  1087.47    0.26112    0.45703
26  1129.31    0.25848    0.45737
27  1171.13    0.25899    0.45781
28  1212.99    0.25596    0.45825
29  1254.80    0.25490    0.45874
30  1296.58    0.25074    0.45922
31  1338.39    0.24767    0.45979
32  1380.16    0.24662    0.46037
33  1421.97    0.24500    0.46105
34  1463.76    0.24231    0.46170
35  1505.63    0.23938    0.46241
36  1547.35    0.23821    0.46315
37  1589.07    0.23361    0.46393
38  1630.86    0.23042    0.46470
39  1672.61    0.22808    0.46553
size = 1
reading data...done
0   109.39    0.52185    0.52735
1   200.72    0.51723    0.52266
2   303.70    0.51529    0.52069
3   406.90    0.51398    0.51946
4   492.01    0.51324    0.51870
5   607.60    0.51269    0.51812
6   690.02    0.51154    0.51697
7   786.64    0.51104    0.51643
8   871.29    0.51063    0.51599
9   981.49    0.51020    0.51556
10  1087.28    0.50998    0.51530
11  1134.89    0.50983    0.51514
12  1173.31    0.50951    0.51483
13  1207.28    0.50927    0.51461
14  1246.54    0.50909    0.51441
15  1284.31    0.50895    0.51429
16  1317.54    0.50864    0.51398
17  1353.33    0.50850    0.51387
18  1392.03    0.50846    0.51381
19  1426.25    0.50831    0.51370
20  1459.65    0.50815    0.51353
21  1494.21    0.50805    0.51343
22  1531.38    0.50791    0.51328
23  1570.00    0.50781    0.51319
24  1607.70    0.50773    0.51311
25  1639.49    0.50764    0.51301
26  1673.60    0.50757    0.51292
27  1711.10    0.50748    0.51284
28  1748.13    0.50744    0.51281
29  1784.05    0.50737    0.51275
reading data...Va...done
initializing model...done
0   413.66    0.30595    0.45743
1   828.03    0.30247    0.45354
2  1244.07    0.29711    0.45143
3  1659.71    0.29790    0.45003
4  2076.08    0.29577    0.44901
5  2491.86    0.29517    0.44823
6  2907.60    0.29500    0.44765
7  3323.90    0.29281    0.44714
8  3738.82    0.29378    0.44674
9  4153.84    0.29261    0.44639
10  4568.00    0.29273    0.44608
11  4982.95    0.28815    0.44582
12  5398.14    0.28958    0.44563
13  5813.01    0.29017    0.44544
14  6228.41    0.28539    0.44532
15  6643.87    0.28606    0.44521
16  7059.92    0.28645    0.44508
17  7475.08    0.28596    0.44499
18  7890.09    0.28590    0.44495
19  8304.81    0.28504    0.44492
20  8719.78    0.28423    0.44490
21  9135.25    0.28411    0.44489
22  9550.43    0.28141    0.44492
23  9965.40    0.28065    0.44495
24 10380.39    0.28029    0.44499
25 10796.00    0.28231    0.44507
26 11211.30    0.27934    0.44511
27 11626.25    0.27997    0.44523
28 12041.20    0.27975    0.44533
29 12456.36    0.27862    0.44545
30 12870.91    0.27743    0.44557
31 13286.34    0.27477    0.44570
32 13700.81    0.27650    0.44587
33 14115.88    0.27465    0.44603
34 14531.16    0.27619    0.44623
35 14945.84    0.27456    0.44642
36 15361.05    0.27207    0.44661
37 15776.25    0.27136    0.44680
38 16191.69    0.27313    0.44704
39 16607.01    0.27033    0.44727
time used = 25632.411772489548
