
size = 100
reading data...done
0     1.16    0.51979    0.52552
1     2.18    0.51506    0.52141
2     3.48    0.51317    0.51985
3     4.68    0.51136    0.51841
4     5.79    0.50994    0.51755
5     6.84    0.50935    0.51727
6     7.74    0.50842    0.51688
7     9.06    0.50765    0.51662
8    10.29    0.50722    0.51631
9    11.78    0.50691    0.51633
10    13.20    0.50652    0.51609
11    14.71    0.50614    0.51600
12    15.81    0.50577    0.51600
13    16.99    0.50535    0.51575
14    18.33    0.50510    0.51548
15    19.62    0.50478    0.51561
16    20.98    0.50453    0.51566
17    22.26    0.50430    0.51556
18    23.45    0.50401    0.51567
19    24.77    0.50384    0.51568
20    26.15    0.50357    0.51578
21    27.59    0.50337    0.51592
22    29.12    0.50324    0.51606
23    30.44    0.50306    0.51626
24    31.84    0.50291    0.51629
25    33.31    0.50277    0.51629
26    34.81    0.50273    0.51627
27    36.24    0.50262    0.51664
28    37.66    0.50256    0.51660
29    39.08    0.50234    0.51671
reading data...Va...done
initializing model...done
0     8.39    0.34398    0.49985
1    16.94    0.32930    0.49232
2    25.63    0.33636    0.48708
3    34.04    0.31834    0.48318
4    43.03    0.34333    0.48012
5    51.85    0.33579    0.47780
6    60.48    0.31788    0.47617
7    68.81    0.30668    0.47471
8    77.60    0.32059    0.47341
9    86.21    0.31641    0.47231
10    94.80    0.31171    0.47136
11   103.11    0.30835    0.47059
12   111.78    0.31135    0.46999
13   120.48    0.30682    0.46966
14   129.19    0.31130    0.46928
15   137.77    0.30330    0.46888
16   146.46    0.30566    0.46842
17   155.08    0.30246    0.46819
18   163.68    0.29324    0.46825
19   172.29    0.28965    0.46821
size = 10
reading data...done
0    14.11    0.52127    0.52781
1    29.80    0.51673    0.52315
2    45.49    0.51451    0.52106
3    61.28    0.51304    0.51959
4    73.61    0.51207    0.51875
5    83.56    0.51135    0.51799
6    95.71    0.51072    0.51745
7   110.09    0.51033    0.51705
8   122.74    0.50990    0.51664
9   135.88    0.50969    0.51643
10   146.76    0.50933    0.51602
11   158.09    0.50882    0.51549
12   171.18    0.50858    0.51532
13   185.38    0.50845    0.51525
14   197.77    0.50826    0.51509
15   211.29    0.50818    0.51504
16   217.67    0.50795    0.51488
17   224.69    0.50778    0.51474
18   232.07    0.50762    0.51457
19   237.86    0.50743    0.51442
20   244.44    0.50728    0.51430
21   251.61    0.50719    0.51425
22   257.47    0.50707    0.51417
23   266.06    0.50695    0.51408
24   272.46    0.50682    0.51397
25   278.69    0.50670    0.51384
26   286.32    0.50663    0.51383
27   292.05    0.50656    0.51376
28   298.77    0.50643    0.51367
29   305.92    0.50639    0.51366
reading data...Va...done
initializing model...done
0    78.62    0.38638    0.47492
1   157.42    0.37285    0.46827
2   236.66    0.37280    0.46508
3   315.75    0.36751    0.46300
4   393.99    0.36255    0.46155
5   473.64    0.36263    0.46035
6   551.37    0.36076    0.45940
7   628.30    0.36549    0.45860
8   704.77    0.36526    0.45796
9   784.68    0.35417    0.45752
10   864.07    0.35190    0.45698
11   941.86    0.34951    0.45668
12  1020.99    0.35278    0.45631
13  1099.52    0.34477    0.45619
14  1175.83    0.34200    0.45594
15  1252.65    0.34785    0.45585
16  1331.22    0.34345    0.45584
17  1406.00    0.34730    0.45587
18  1485.08    0.33637    0.45598
19  1564.05    0.33398    0.45607
size = 1
reading data...done
0   156.03    0.52185    0.52735
1   294.36    0.51723    0.52266
2   446.61    0.51529    0.52069
3   601.43    0.51398    0.51946
4   721.88    0.51324    0.51870
5   892.16    0.51269    0.51812
6  1015.55    0.51154    0.51697
7  1156.74    0.51104    0.51643
8  1276.96    0.51063    0.51599
9  1442.64    0.51020    0.51556
10  1598.74    0.50998    0.51530
11  1692.58    0.50983    0.51514
12  1765.02    0.50951    0.51483
13  1829.88    0.50927    0.51461
14  1912.75    0.50909    0.51441
15  1987.47    0.50895    0.51429
16  2049.40    0.50864    0.51398
17  2122.42    0.50850    0.51387
18  2197.86    0.50846    0.51381
19  2268.26    0.50831    0.51370
20  2334.58    0.50815    0.51353
21  2402.66    0.50805    0.51343
22  2480.87    0.50791    0.51328
23  2555.82    0.50781    0.51319
24  2628.51    0.50773    0.51311
25  2688.03    0.50764    0.51301
26  2749.84    0.50757    0.51292
27  2824.73    0.50748    0.51284
28  2898.39    0.50744    0.51281
29  2969.52    0.50737    0.51275
reading data...Va...done
initializing model...done
0   779.28    0.35201    0.45721
1  1564.32    0.35208    0.45321
2  2356.27    0.35224    0.45113
3  3127.16    0.33144    0.44973
4  3898.22    0.32842    0.44874
5  4693.26    0.34940    0.44795
6  5487.14    0.35083    0.44736
7  6268.97    0.34457    0.44689
8  7036.13    0.32145    0.44648
9  7833.94    0.34840    0.44611
10  8601.39    0.32650    0.44582
11  9388.27    0.34122    0.44556
12 10161.47    0.32648    0.44542
13 10951.00    0.33607    0.44520
14 11735.68    0.32529    0.44507
15 12533.50    0.34373    0.44498
16 13298.97    0.32299    0.44490
17 14083.07    0.33645    0.44485
18 14879.07    0.34092    0.44480
19 15638.98    0.31646    0.44482
time used = 29472.282680749893
