ignore: 1
reading data...done
initializing model...done
  0    19.50    0.45783    0.46962
  1    38.49    0.44071    0.46431
  2    57.62    0.43538    0.46187
  3    77.15    0.43023    0.46021
  4    96.49    0.42552    0.45903
  5   115.96    0.42495    0.45827
  6   135.14    0.42128    0.45783
  7   154.47    0.41824    0.45747
  8   173.62    0.41370    0.45748
  9   192.97    0.41075    0.45757
 10   212.66    0.40621    0.45792
 11   231.88    0.40189    0.45832
 12   251.18    0.39806    0.45896
 13   270.43    0.39290    0.45975
 14   289.98    0.38989    0.46053
ignore: 2
reading data...done
initializing model...done
  0    18.99    0.45463    0.47016
  1    37.58    0.44068    0.46485
  2    57.21    0.43365    0.46239
  3    78.38    0.42780    0.46085
  4    96.95    0.42621    0.45964
  5   115.92    0.42286    0.45889
  6   134.80    0.41903    0.45849
  7   153.33    0.41754    0.45813
  8   172.27    0.41173    0.45812
  9   191.90    0.41054    0.45826
 10   210.75    0.40578    0.45853
 11   231.04    0.40133    0.45899
 12   252.99    0.39245    0.45957
 13   275.68    0.39201    0.46038
 14   298.35    0.38838    0.46119
ignore: 3
reading data...done
initializing model...done
  0    22.06    0.45519    0.47012
  1    40.89    0.44075    0.46481
  2    62.42    0.43404    0.46243
  3    84.91    0.43140    0.46083
  4   107.10    0.42587    0.45961
  5   128.61    0.42061    0.45880
  6   150.30    0.41851    0.45838
  7   173.31    0.41678    0.45805
  8   195.06    0.41404    0.45796
  9   218.93    0.41118    0.45808
 10   240.87    0.40885    0.45838
 11   262.73    0.40306    0.45882
 12   284.68    0.39810    0.45937
 13   306.98    0.39181    0.46016
 14   329.61    0.38696    0.46093
ignore: 4
reading data...done
initializing model...done
  0    21.54    0.45333    0.46992
  1    42.67    0.43788    0.46454
  2    63.93    0.43300    0.46208
  3    84.75    0.43068    0.46047
  4   104.65    0.42735    0.45933
  5   125.39    0.42403    0.45848
  6   144.30    0.42011    0.45819
  7   164.05    0.41756    0.45779
  8   183.43    0.41525    0.45774
  9   202.79    0.41077    0.45784
 10   221.81    0.40702    0.45812
 11   240.35    0.40379    0.45852
 12   259.12    0.39767    0.45912
 13   277.98    0.39568    0.45991
 14   296.41    0.39052    0.46065
ignore: 5
reading data...done
initializing model...done
  0    21.79    0.45537    0.47084
  1    44.40    0.44012    0.46551
  2    61.99    0.43379    0.46300
  3    79.34    0.43003    0.46141
  4    97.31    0.42675    0.46026
  5   116.38    0.42376    0.45945
  6   137.38    0.41658    0.45907
  7   159.50    0.41463    0.45872
  8   180.54    0.40697    0.45864
  9   202.98    0.40886    0.45880
 10   225.65    0.40527    0.45911
 11   248.27    0.40000    0.45949
 12   272.03    0.39685    0.46012
 13   293.89    0.38897    0.46085
 14   316.04    0.38844    0.46164
ignore: 6
reading data...done
initializing model...done
  0    21.18    0.45545    0.47061
  1    43.82    0.43877    0.46523
  2    66.23    0.43558    0.46269
  3    87.96    0.42820    0.46112
  4   109.53    0.42678    0.45988
  5   131.87    0.42126    0.45914
  6   154.70    0.42074    0.45863
  7   176.72    0.41992    0.45826
  8   199.82    0.41009    0.45820
  9   221.90    0.40598    0.45830
 10   244.93    0.40615    0.45859
 11   267.41    0.40179    0.45900
 12   290.67    0.39891    0.45955
 13   313.38    0.39333    0.46032
 14   336.59    0.38975    0.46108
ignore: 7
reading data...done
initializing model...done
  0    19.01    0.45685    0.46977
  1    37.55    0.43806    0.46441
  2    54.87    0.43282    0.46193
  3    78.88    0.42852    0.46043
  4   104.74    0.42854    0.45919
  5   131.44    0.42177    0.45836
  6   153.50    0.42045    0.45797
  7   170.75    0.41719    0.45756
  8   188.20    0.41240    0.45758
  9   205.48    0.40996    0.45773
 10   222.52    0.40508    0.45792
 11   240.07    0.40336    0.45833
 12   258.14    0.39706    0.45897
 13   277.10    0.39464    0.45979
 14   295.54    0.39032    0.46053
ignore: 8
reading data...done
initializing model...done
  0    18.04    0.45649    0.47022
  1    36.44    0.43747    0.46488
  2    54.80    0.43222    0.46224
  3    72.46    0.42906    0.46072
  4    90.70    0.42571    0.45962
  5   110.02    0.42285    0.45872
  6   127.31    0.41863    0.45830
  7   145.03    0.41593    0.45796
  8   163.18    0.40950    0.45792
  9   181.60    0.40925    0.45806
 10   203.27    0.40300    0.45833
 11   223.45    0.40148    0.45877
 12   244.73    0.39243    0.45937
 13   265.71    0.39585    0.46014
 14   283.84    0.38824    0.46091
ignore: 9
reading data...done
initializing model...done
  0    18.86    0.45778    0.47071
  1    37.77    0.44074    0.46537
  2    56.33    0.43549    0.46297
  3    75.22    0.43073    0.46136
  4    94.68    0.42672    0.46021
  5   113.76    0.42426    0.45947
  6   132.03    0.42046    0.45906
  7   150.99    0.41878    0.45870
  8   169.66    0.41528    0.45867
  9   188.68    0.40939    0.45884
 10   207.26    0.40555    0.45911
 11   225.76    0.40246    0.45957
 12   244.30    0.39889    0.46016
 13   263.10    0.39535    0.46092
 14   281.85    0.39069    0.46176
ignore: 10
reading data...done
initializing model...done
  0    18.86    0.45738    0.47001
  1    38.42    0.44054    0.46448
  2    59.04    0.43405    0.46196
  3    79.65    0.42794    0.46028
  4   101.94    0.42621    0.45918
  5   123.13    0.42212    0.45839
  6   140.61    0.42035    0.45792
  7   165.53    0.41896    0.45753
  8   183.21    0.41469    0.45751
  9   199.84    0.41083    0.45766
 10   218.81    0.40882    0.45792
 11   237.53    0.40511    0.45833
 12   256.14    0.39957    0.45888
 13   274.64    0.39566    0.45966
 14   293.38    0.39020    0.46047
ignore: 11
reading data...done
initializing model...done
  0    19.04    0.45616    0.47147
  1    37.70    0.44105    0.46605
  2    56.63    0.43470    0.46363
  3    76.19    0.43219    0.46202
  4    99.85    0.42728    0.46093
  5   122.15    0.42192    0.46014
  6   144.20    0.41962    0.45970
  7   167.19    0.41451    0.45932
  8   189.11    0.41194    0.45937
  9   210.86    0.41072    0.45947
 10   233.32    0.40546    0.45980
 11   255.38    0.39696    0.46017
 12   278.20    0.39738    0.46090
 13   301.16    0.39165    0.46168
 14   323.76    0.38621    0.46247
ignore: 12
reading data...done
initializing model...done
  0    21.13    0.45510    0.46991
  1    42.72    0.43980    0.46446
  2    63.83    0.43559    0.46204
  3    84.99    0.42864    0.46043
  4   105.93    0.42361    0.45920
  5   127.85    0.42254    0.45839
  6   148.24    0.41712    0.45797
  7   169.16    0.41259    0.45765
  8   191.38    0.41256    0.45759
  9   213.46    0.40596    0.45770
 10   234.55    0.40340    0.45802
 11   256.39    0.40081    0.45845
 12   278.36    0.39199    0.45905
 13   299.62    0.39025    0.45984
 14   320.18    0.38413    0.46066
ignore: 13
reading data...done
initializing model...done
  0    19.87    0.45717    0.47028
  1    39.95    0.44013    0.46494
  2    59.35    0.43648    0.46239
  3    78.24    0.43131    0.46079
  4    96.96    0.42901    0.45961
  5   115.80    0.42359    0.45884
  6   134.38    0.42037    0.45844
  7   153.43    0.41746    0.45808
  8   172.53    0.41311    0.45807
  9   191.69    0.41017    0.45822
 10   210.20    0.40552    0.45842
 11   228.92    0.40287    0.45890
 12   247.80    0.39989    0.45946
 13   266.39    0.39376    0.46025
 14   285.46    0.39014    0.46102
ignore: 14
reading data...done
initializing model...done
  0    18.71    0.45555    0.46968
  1    37.48    0.44076    0.46438
  2    56.56    0.43600    0.46183
  3    76.37    0.43040    0.46021
  4    95.29    0.42790    0.45904
  5   113.91    0.42161    0.45828
  6   132.60    0.42059    0.45781
  7   151.59    0.41712    0.45747
  8   170.06    0.41360    0.45738
  9   188.99    0.41032    0.45749
 10   207.62    0.40601    0.45781
 11   226.52    0.40396    0.45820
 12   245.22    0.39839    0.45877
 13   263.69    0.39484    0.45951
 14   282.47    0.39219    0.46026
ignore: 15
reading data...done
initializing model...done
  0    18.92    0.45319    0.46971
  1    37.87    0.43874    0.46441
  2    56.39    0.43318    0.46191
  3    75.05    0.42986    0.46029
  4    94.35    0.42605    0.45912
  5   113.15    0.42410    0.45828
  6   132.37    0.41996    0.45786
  7   151.27    0.41461    0.45751
  8   170.61    0.41313    0.45752
  9   189.65    0.40868    0.45763
 10   208.57    0.40611    0.45795
 11   227.57    0.40081    0.45836
 12   246.52    0.39759    0.45893
 13   265.57    0.39345    0.45973
 14   286.28    0.38890    0.46054
ignore: 16
reading data...done
initializing model...done
  0    18.76    0.45587    0.46977
  1    37.39    0.43788    0.46438
  2    56.69    0.43244    0.46187
  3    75.25    0.42851    0.46022
  4    94.04    0.42516    0.45909
  5   112.62    0.42211    0.45829
  6   131.86    0.41968    0.45791
  7   150.82    0.41695    0.45758
  8   169.94    0.41340    0.45749
  9   188.41    0.40853    0.45762
 10   207.00    0.40544    0.45792
 11   226.39    0.39971    0.45834
 12   245.00    0.39711    0.45894
 13   263.72    0.39381    0.45971
 14   282.44    0.38884    0.46050
ignore: 17
reading data...done
initializing model...done
  0    18.87    0.45688    0.46993
  1    38.08    0.44013    0.46456
  2    56.76    0.43355    0.46202
  3    76.06    0.43130    0.46048
  4    95.50    0.42668    0.45935
  5   115.07    0.42344    0.45856
  6   133.85    0.42067    0.45811
  7   152.96    0.41818    0.45768
  8   171.81    0.41282    0.45767
  9   190.63    0.40984    0.45780
 10   209.29    0.40720    0.45804
 11   228.27    0.40143    0.45843
 12   247.30    0.39962    0.45900
 13   266.44    0.39573    0.45969
 14   285.19    0.39157    0.46049
ignore: 18
reading data...done
initializing model...done
  0    16.88    0.45591    0.46976
  1    34.69    0.43880    0.46433
  2    52.80    0.43279    0.46182
  3    70.58    0.42998    0.46020
  4    88.58    0.42481    0.45901
  5   106.75    0.42363    0.45821
  6   124.95    0.41905    0.45778
  7   142.68    0.41729    0.45747
  8   160.53    0.41325    0.45741
  9   178.46    0.41010    0.45750
 10   196.71    0.40584    0.45780
 11   214.80    0.40087    0.45822
 12   232.60    0.39649    0.45881
 13   250.33    0.39440    0.45954
 14   268.44    0.38924    0.46035
ignore: 19
reading data...done
initializing model...done
  0    18.42    0.45669    0.47139
  1    37.55    0.44009    0.46603
  2    55.49    0.43659    0.46358
  3    75.04    0.43120    0.46199
  4    93.34    0.42844    0.46091
  5   111.63    0.42352    0.46015
  6   130.04    0.42097    0.45971
  7   148.54    0.41854    0.45941
  8   167.25    0.41455    0.45939
  9   186.17    0.41202    0.45953
 10   204.79    0.40812    0.45984
 11   223.23    0.40456    0.46025
 12   242.61    0.40046    0.46083
 13   260.24    0.39672    0.46159
 14   279.31    0.39328    0.46237
ignore: 20
reading data...done
initializing model...done
  0    18.54    0.45431    0.47009
  1    37.45    0.43836    0.46478
  2    56.33    0.43466    0.46233
  3    75.31    0.42923    0.46064
  4    94.21    0.42776    0.45946
  5   113.17    0.42366    0.45862
  6   131.76    0.41935    0.45818
  7   150.36    0.41645    0.45776
  8   169.79    0.41505    0.45768
  9   189.02    0.41110    0.45770
 10   207.83    0.40764    0.45789
 11   227.07    0.40432    0.45822
 12   245.47    0.40079    0.45869
 13   264.56    0.39694    0.45933
 14   287.20    0.39183    0.45999
ignore: 21
reading data...done
initializing model...done
  0    18.82    0.45753    0.46963
  1    37.72    0.44193    0.46429
  2    55.95    0.43566    0.46192
  3    74.85    0.43099    0.46022
  4    93.85    0.42809    0.45909
  5   112.51    0.42411    0.45829
  6   131.72    0.42227    0.45784
  7   150.12    0.41683    0.45751
  8   168.86    0.41352    0.45743
  9   187.78    0.41147    0.45750
 10   206.41    0.40684    0.45786
 11   225.39    0.40519    0.45828
 12   244.18    0.40035    0.45882
 13   262.69    0.39522    0.45957
 14   281.52    0.39066    0.46039
ignore: 22
reading data...done
initializing model...done
  0    18.35    0.45694    0.47006
  1    36.50    0.44048    0.46442
  2    55.21    0.43485    0.46189
  3    73.50    0.42772    0.46028
  4    91.86    0.42689    0.45912
  5   110.71    0.42449    0.45830
  6   128.88    0.41967    0.45783
  7   147.22    0.41806    0.45750
  8   166.00    0.41133    0.45751
  9   184.23    0.41137    0.45762
 10   202.53    0.40679    0.45793
 11   221.61    0.40317    0.45830
 12   240.24    0.39890    0.45891
 13   258.34    0.39386    0.45971
 14   277.32    0.38704    0.46051
ignore: 23
reading data...done
initializing model...done
  0    18.66    0.45563    0.47031
  1    37.33    0.43888    0.46514
  2    56.50    0.43516    0.46265
  3    75.31    0.43078    0.46112
  4    93.97    0.42838    0.46000
  5   113.22    0.42464    0.45916
  6   131.95    0.42116    0.45877
  7   150.15    0.41650    0.45838
  8   169.78    0.41453    0.45833
  9   188.25    0.41267    0.45845
 10   207.52    0.40812    0.45863
 11   226.26    0.40444    0.45894
 12   244.99    0.40191    0.45945
 13   263.60    0.39912    0.46009
 14   283.78    0.39569    0.46077
ignore: 24
reading data...done
initializing model...done
  0    20.45    0.45551    0.46973
  1    39.71    0.44161    0.46432
  2    58.72    0.43677    0.46178
  3    78.15    0.43045    0.46021
  4    97.87    0.42772    0.45904
  5   117.48    0.42445    0.45826
  6   136.58    0.42115    0.45787
  7   156.35    0.41785    0.45745
  8   175.46    0.41392    0.45743
  9   195.15    0.40776    0.45761
 10   214.60    0.40624    0.45792
 11   234.04    0.40405    0.45834
 12   253.35    0.39783    0.45894
 13   272.09    0.39464    0.45979
 14   295.04    0.38818    0.46060
ignore: 25
reading data...done
initializing model...done
  0    18.65    0.45479    0.46971
  1    36.53    0.43882    0.46449
  2    54.31    0.43169    0.46190
  3    77.68    0.42853    0.46028
  4   104.56    0.42664    0.45915
  5   130.81    0.42102    0.45834
  6   148.48    0.41948    0.45796
  7   166.56    0.41643    0.45757
  8   184.03    0.41277    0.45753
  9   201.54    0.40972    0.45760
 10   219.47    0.40597    0.45791
 11   237.81    0.40072    0.45835
 12   256.26    0.39783    0.45898
 13   275.25    0.39333    0.45970
 14   294.17    0.38797    0.46051
ignore: 26
reading data...done
initializing model...done
  0    18.52    0.45721    0.47050
  1    37.41    0.43783    0.46506
  2    56.39    0.43378    0.46241
  3    75.90    0.43145    0.46075
  4    94.89    0.42697    0.45959
  5   113.74    0.42220    0.45878
  6   132.64    0.41706    0.45836
  7   152.43    0.41617    0.45807
  8   171.72    0.41087    0.45801
  9   190.17    0.40893    0.45810
 10   209.30    0.40578    0.45845
 11   227.96    0.40154    0.45884
 12   247.00    0.39758    0.45946
 13   265.93    0.39328    0.46023
 14   284.89    0.38805    0.46105
ignore: 27
reading data...done
initializing model...done
  0    18.66    0.45521    0.47037
  1    37.69    0.43754    0.46511
  2    56.54    0.43426    0.46268
  3    75.23    0.43214    0.46100
  4    93.80    0.42803    0.45987
  5   112.42    0.42449    0.45910
  6   131.42    0.42180    0.45877
  7   150.08    0.41686    0.45838
  8   169.30    0.41561    0.45828
  9   188.15    0.41016    0.45852
 10   207.12    0.40842    0.45872
 11   225.49    0.40314    0.45910
 12   244.19    0.39860    0.45965
 13   263.80    0.39533    0.46043
 14   282.30    0.39147    0.46124
ignore: 28
reading data...done
initializing model...done
  0    17.69    0.45302    0.47011
  1    35.48    0.43763    0.46462
  2    54.61    0.43245    0.46221
  3    73.84    0.42836    0.46049
  4    92.96    0.42479    0.45935
  5   111.98    0.42266    0.45856
  6   131.13    0.42007    0.45812
  7   150.21    0.41736    0.45775
  8   169.04    0.41203    0.45771
  9   188.66    0.40887    0.45784
 10   207.81    0.40532    0.45809
 11   227.07    0.40249    0.45851
 12   246.28    0.39741    0.45909
 13   265.17    0.39248    0.45981
 14   284.14    0.38770    0.46059
ignore: 29
reading data...done
initializing model...done
  0    18.79    0.45462    0.46969
  1    37.62    0.43876    0.46442
  2    56.67    0.43381    0.46192
  3    76.35    0.42901    0.46022
  4    95.26    0.42669    0.45906
  5   114.23    0.42079    0.45825
  6   132.93    0.41960    0.45780
  7   151.49    0.41513    0.45748
  8   170.54    0.41317    0.45744
  9   189.18    0.40737    0.45756
 10   208.80    0.40572    0.45785
 11   227.25    0.40105    0.45821
 12   247.32    0.39738    0.45882
 13   266.53    0.39377    0.45959
 14   285.52    0.38711    0.46035
ignore: 30
reading data...done
initializing model...done
  0    18.56    0.45675    0.47084
  1    37.69    0.43930    0.46533
  2    57.00    0.43493    0.46280
  3    76.00    0.42991    0.46108
  4    94.49    0.42782    0.45993
  5   113.40    0.42384    0.45923
  6   132.07    0.42041    0.45872
  7   151.02    0.41722    0.45842
  8   170.37    0.41454    0.45837
  9   189.24    0.41153    0.45855
 10   208.27    0.40655    0.45879
 11   227.15    0.40426    0.45922
 12   245.87    0.39901    0.45977
 13   264.96    0.39474    0.46054
 14   283.56    0.38990    0.46132
ignore: 31
reading data...done
initializing model...done
  0    19.00    0.45599    0.46982
  1    38.90    0.43703    0.46443
  2    58.22    0.43229    0.46200
  3    76.97    0.42792    0.46028
  4    96.31    0.42655    0.45918
  5   115.19    0.42033    0.45842
  6   134.84    0.41845    0.45790
  7   154.15    0.41625    0.45753
  8   173.30    0.41211    0.45753
  9   191.79    0.40815    0.45758
 10   211.36    0.40575    0.45796
 11   230.28    0.39949    0.45838
 12   249.67    0.39719    0.45898
 13   269.05    0.39332    0.45977
 14   288.35    0.38885    0.46057
ignore: 32
reading data...done
initializing model...done
  0    18.19    0.45605    0.46991
  1    36.32    0.43872    0.46451
  2    54.08    0.43435    0.46204
  3    72.12    0.43143    0.46038
  4    90.52    0.42882    0.45922
  5   108.26    0.42414    0.45840
  6   126.70    0.41997    0.45799
  7   144.84    0.41853    0.45759
  8   163.12    0.41433    0.45755
  9   181.47    0.40862    0.45770
 10   199.88    0.40653    0.45802
 11   217.93    0.40339    0.45844
 12   235.99    0.39859    0.45903
 13   254.26    0.39411    0.45978
 14   272.40    0.38898    0.46060
ignore: 33
reading data...done
initializing model...done
  0    18.35    0.45601    0.47039
  1    37.25    0.44195    0.46505
  2    55.85    0.43530    0.46262
  3    74.61    0.43131    0.46106
  4    93.35    0.42810    0.45991
  5   112.53    0.42460    0.45919
  6   131.35    0.42090    0.45872
  7   150.02    0.41722    0.45841
  8   168.79    0.41348    0.45833
  9   187.41    0.41159    0.45844
 10   206.13    0.40837    0.45876
 11   225.02    0.40300    0.45918
 12   243.98    0.39991    0.45976
 13   262.63    0.39608    0.46054
 14   281.33    0.39015    0.46127
ignore: 34
reading data...done
initializing model...done
  0    19.75    0.45688    0.46964
  1    39.03    0.43804    0.46427
  2    59.15    0.43420    0.46182
  3    78.76    0.42926    0.46018
  4    98.87    0.42780    0.45901
  5   118.93    0.42338    0.45821
  6   138.39    0.42051    0.45783
  7   157.87    0.41787    0.45748
  8   177.40    0.41418    0.45742
  9   197.11    0.41075    0.45758
 10   216.57    0.40626    0.45784
 11   236.09    0.40091    0.45828
 12   256.21    0.39937    0.45892
 13   275.60    0.39402    0.45975
 14   294.91    0.38960    0.46053
ignore: 35
reading data...done
initializing model...done
  0    18.38    0.45642    0.47006
  1    37.14    0.44088    0.46464
  2    55.73    0.43481    0.46217
  3    74.43    0.43192    0.46058
  4    93.29    0.42950    0.45940
  5   113.30    0.42529    0.45865
  6   134.83    0.42178    0.45820
  7   153.65    0.41564    0.45785
  8   173.01    0.41423    0.45784
  9   194.00    0.40319    0.45793
 10   216.23    0.40513    0.45831
 11   238.09    0.39842    0.45868
 12   260.27    0.39665    0.45929
 13   283.42    0.39410    0.46010
 14   305.64    0.38721    0.46087
ignore: 36
reading data...done
initializing model...done
  0    22.93    0.45702    0.47093
  1    45.38    0.43878    0.46568
  2    67.00    0.43355    0.46311
  3    88.64    0.43231    0.46145
  4   110.07    0.42573    0.46026
  5   131.87    0.42669    0.45950
  6   153.65    0.42123    0.45903
  7   176.41    0.42029    0.45869
  8   198.00    0.41463    0.45860
  9   219.97    0.41212    0.45874
 10   242.21    0.40657    0.45905
 11   264.38    0.40105    0.45952
 12   287.08    0.39800    0.46007
 13   310.06    0.39324    0.46086
 14   332.59    0.38723    0.46172
ignore: 37
reading data...done
initializing model...done
  0    20.03    0.45225    0.47021
  1    39.46    0.43740    0.46476
  2    58.67    0.43083    0.46222
  3    80.50    0.42465    0.46060
  4    98.12    0.42317    0.45937
  5   116.99    0.41749    0.45867
  6   136.39    0.41854    0.45822
  7   155.97    0.41574    0.45780
  8   174.36    0.41148    0.45777
  9   193.74    0.40715    0.45788
 10   212.53    0.40415    0.45824
 11   231.21    0.39907    0.45862
 12   249.63    0.39588    0.45921
 13   268.35    0.38957    0.46001
 14   286.83    0.38569    0.46079
ignore: 38
reading data...done
initializing model...done
  0    18.01    0.45710    0.46994
  1    36.12    0.44203    0.46451
  2    54.22    0.43489    0.46193
  3    72.92    0.43169    0.46032
  4    91.27    0.42763    0.45919
  5   109.78    0.42416    0.45836
  6   128.18    0.42052    0.45804
  7   146.30    0.41741    0.45759
  8   165.38    0.41527    0.45752
  9   184.27    0.41041    0.45768
 10   202.41    0.40392    0.45804
 11   220.99    0.40460    0.45843
 12   239.10    0.39874    0.45903
 13   257.44    0.39282    0.45983
 14   276.29    0.39032    0.46066
ignore: 39
reading data...done
initializing model...done
  0    17.66    0.45671    0.47011
  1    36.59    0.43863    0.46487
  2    54.40    0.43397    0.46232
  3    71.72    0.43024    0.46079
  4    89.34    0.42684    0.45959
  5   107.12    0.42325    0.45888
  6   124.71    0.42134    0.45842
  7   142.10    0.41616    0.45810
  8   160.10    0.41353    0.45806
  9   177.97    0.40959    0.45818
 10   196.14    0.40740    0.45853
 11   214.10    0.40282    0.45893
 12   232.02    0.39904    0.45957
 13   249.51    0.39407    0.46036
 14   267.41    0.38897    0.46120
