ignore: 1
reading data...done
initializing model...done
  0     1.55    0.48774    0.49538
  1     3.37    0.46309    0.48516
  2     5.43    0.45758    0.48015
  3     7.61    0.45017    0.47618
  4     9.39    0.44376    0.47381
  5    10.95    0.43735    0.47203
  6    13.00    0.43463    0.47089
  7    15.23    0.42665    0.47018
  8    17.10    0.42250    0.46991
  9    18.70    0.41433    0.46967
 10    20.60    0.40972    0.46992
 11    22.60    0.40631    0.47063
 12    24.60    0.39598    0.47114
 13    26.59    0.39323    0.47192
 14    28.22    0.38533    0.47343
ignore: 2
reading data...done
initializing model...done
  0     1.85    0.48821    0.49533
  1     3.73    0.46629    0.48538
  2     5.55    0.45592    0.47994
  3     7.43    0.44655    0.47657
  4     9.32    0.44397    0.47414
  5    11.34    0.43926    0.47258
  6    13.09    0.43141    0.47138
  7    14.85    0.42717    0.47060
  8    16.74    0.42357    0.47038
  9    18.83    0.41920    0.47005
 10    20.76    0.41248    0.47034
 11    22.45    0.40371    0.47094
 12    24.45    0.40063    0.47140
 13    26.17    0.39356    0.47222
 14    28.19    0.38486    0.47350
ignore: 3
reading data...done
initializing model...done
  0     1.78    0.48486    0.49564
  1     3.67    0.46634    0.48562
  2     5.35    0.45394    0.48036
  3     7.33    0.45054    0.47677
  4     8.93    0.44205    0.47425
  5    10.93    0.43898    0.47258
  6    12.82    0.43251    0.47139
  7    14.84    0.42909    0.47078
  8    16.43    0.42175    0.47052
  9    18.38    0.41728    0.47023
 10    20.22    0.40559    0.47036
 11    22.29    0.40647    0.47103
 12    24.10    0.39766    0.47149
 13    25.67    0.39171    0.47242
 14    27.78    0.38799    0.47374
ignore: 4
reading data...done
initializing model...done
  0     2.01    0.48969    0.49576
  1     3.67    0.46403    0.48535
  2     5.15    0.45444    0.48021
  3     7.07    0.44940    0.47653
  4     9.32    0.43515    0.47402
  5    11.20    0.43790    0.47246
  6    12.77    0.43186    0.47117
  7    14.60    0.42762    0.47053
  8    16.50    0.42149    0.47011
  9    18.58    0.41216    0.46988
 10    20.30    0.40675    0.47031
 11    22.00    0.40535    0.47089
 12    23.94    0.40012    0.47136
 13    25.85    0.39321    0.47249
 14    27.78    0.38569    0.47349
ignore: 5
reading data...done
initializing model...done
  0     2.03    0.48201    0.49649
  1     4.07    0.46552    0.48623
  2     5.69    0.45548    0.48057
  3     7.23    0.44600    0.47703
  4     9.14    0.44017    0.47467
  5    11.21    0.43110    0.47300
  6    13.18    0.43033    0.47184
  7    14.78    0.42732    0.47106
  8    16.50    0.42212    0.47077
  9    18.32    0.41410    0.47056
 10    20.11    0.40362    0.47076
 11    21.94    0.40537    0.47154
 12    23.83    0.39751    0.47215
 13    25.63    0.38976    0.47300
 14    27.43    0.38576    0.47426
ignore: 6
reading data...done
initializing model...done
  0     2.12    0.49109    0.49698
  1     3.91    0.45961    0.48674
  2     5.49    0.45788    0.48093
  3     7.39    0.45131    0.47723
  4     9.46    0.44005    0.47488
  5    11.35    0.43863    0.47301
  6    12.92    0.43388    0.47180
  7    14.67    0.42808    0.47096
  8    16.62    0.41844    0.47071
  9    18.73    0.41562    0.47038
 10    20.45    0.41214    0.47060
 11    22.08    0.40728    0.47125
 12    23.98    0.40240    0.47178
 13    25.98    0.39599    0.47263
 14    27.77    0.38409    0.47374
ignore: 7
reading data...done
initializing model...done
  0     1.64    0.48691    0.49536
  1     3.91    0.46580    0.48525
  2     5.79    0.45604    0.47977
  3     7.34    0.44788    0.47619
  4     8.85    0.44138    0.47381
  5    10.99    0.43449    0.47212
  6    13.12    0.43298    0.47091
  7    14.74    0.42584    0.47032
  8    16.21    0.42063    0.46991
  9    18.13    0.41610    0.46967
 10    20.09    0.40898    0.47027
 11    22.00    0.40518    0.47053
 12    23.54    0.39058    0.47104
 13    25.16    0.39188    0.47192
 14    27.24    0.38159    0.47299
ignore: 8
reading data...done
initializing model...done
  0     1.90    0.48411    0.49550
  1     4.11    0.46703    0.48546
  2     5.96    0.45131    0.48009
  3     7.53    0.44395    0.47649
  4     9.31    0.44359    0.47412
  5    11.36    0.43990    0.47243
  6    13.44    0.43385    0.47144
  7    15.06    0.42241    0.47071
  8    16.56    0.42163    0.47043
  9    18.75    0.41282    0.47003
 10    20.80    0.40847    0.47035
 11    22.54    0.40623    0.47100
 12    24.08    0.39842    0.47154
 13    26.18    0.39453    0.47254
 14    28.35    0.37609    0.47370
ignore: 9
reading data...done
initializing model...done
  0     2.19    0.48920    0.49568
  1     4.20    0.46465    0.48563
  2     5.80    0.45540    0.48027
  3     7.40    0.44627    0.47670
  4     9.42    0.44380    0.47430
  5    11.50    0.43856    0.47263
  6    13.38    0.43313    0.47143
  7    15.20    0.42749    0.47073
  8    17.07    0.42212    0.47060
  9    18.66    0.41654    0.47020
 10    20.61    0.41053    0.47048
 11    22.34    0.40118    0.47124
 12    24.32    0.39722    0.47195
 13    26.02    0.39129    0.47276
 14    27.95    0.38715    0.47402
ignore: 10
reading data...done
initializing model...done
  0     2.10    0.49050    0.49512
  1     3.89    0.46706    0.48523
  2     5.55    0.45713    0.48004
  3     7.51    0.45129    0.47651
  4     9.58    0.44564    0.47397
  5    11.35    0.43945    0.47226
  6    12.84    0.43322    0.47124
  7    14.87    0.42343    0.47054
  8    17.10    0.42509    0.47023
  9    18.96    0.41851    0.46996
 10    20.56    0.41208    0.47020
 11    22.13    0.40571    0.47081
 12    24.31    0.40246    0.47152
 13    26.38    0.39421    0.47221
 14    28.00    0.38220    0.47353
ignore: 11
reading data...done
initializing model...done
  0     1.95    0.49023    0.49673
  1     3.55    0.46215    0.48641
  2     5.38    0.45511    0.48097
  3     7.28    0.45014    0.47759
  4     9.20    0.44304    0.47522
  5    10.85    0.43878    0.47353
  6    12.63    0.43298    0.47232
  7    14.38    0.42860    0.47166
  8    16.23    0.42429    0.47152
  9    18.23    0.41284    0.47122
 10    19.92    0.40613    0.47196
 11    21.81    0.40463    0.47226
 12    23.75    0.40048    0.47277
 13    25.73    0.39457    0.47380
 14    27.41    0.38058    0.47495
ignore: 12
reading data...done
initializing model...done
  0     1.89    0.48916    0.49553
  1     4.00    0.46678    0.48569
  2     5.72    0.45442    0.48016
  3     7.35    0.44690    0.47641
  4     9.33    0.43765    0.47401
  5    11.24    0.43655    0.47235
  6    13.01    0.43217    0.47137
  7    14.59    0.42566    0.47034
  8    16.58    0.42277    0.47004
  9    18.49    0.41686    0.46972
 10    20.41    0.41122    0.47013
 11    22.01    0.39980    0.47060
 12    23.81    0.39794    0.47126
 13    25.67    0.39203    0.47201
 14    27.71    0.38663    0.47340
ignore: 13
reading data...done
initializing model...done
  0     2.27    0.49053    0.49584
  1     4.26    0.45957    0.48591
  2     5.84    0.45575    0.48060
  3     7.50    0.44855    0.47692
  4     9.63    0.44138    0.47449
  5    11.47    0.43113    0.47282
  6    13.04    0.42690    0.47170
  7    15.00    0.42860    0.47100
  8    16.75    0.42158    0.47064
  9    18.77    0.41868    0.47044
 10    20.58    0.41066    0.47065
 11    22.26    0.40220    0.47133
 12    24.28    0.40033    0.47185
 13    26.30    0.39360    0.47287
 14    28.23    0.38652    0.47403
ignore: 14
reading data...done
initializing model...done
  0     1.64    0.48679    0.49513
  1     3.97    0.45987    0.48507
  2     5.96    0.45606    0.47967
  3     7.56    0.44744    0.47614
  4     9.05    0.44043    0.47371
  5    11.03    0.43821    0.47195
  6    13.08    0.43222    0.47086
  7    14.91    0.42304    0.47013
  8    16.48    0.42032    0.46976
  9    18.33    0.41497    0.46949
 10    20.00    0.40969    0.46982
 11    21.97    0.40310    0.47047
 12    23.62    0.39777    0.47110
 13    25.65    0.38740    0.47184
 14    27.28    0.38502    0.47316
ignore: 15
reading data...done
initializing model...done
  0     1.64    0.48696    0.49628
  1     3.65    0.45409    0.48546
  2     5.34    0.45319    0.47988
  3     7.35    0.44721    0.47616
  4     9.02    0.44256    0.47371
  5    10.98    0.43140    0.47203
  6    12.89    0.42820    0.47093
  7    14.93    0.42417    0.47029
  8    16.66    0.42109    0.47005
  9    18.15    0.41519    0.46966
 10    20.05    0.41044    0.47009
 11    22.04    0.40535    0.47072
 12    24.02    0.39930    0.47132
 13    25.67    0.39088    0.47226
 14    27.49    0.38021    0.47349
ignore: 16
reading data...done
initializing model...done
  0     1.86    0.48268    0.49549
  1     3.86    0.46533    0.48521
  2     5.60    0.45417    0.47992
  3     7.12    0.44713    0.47630
  4     9.15    0.43839    0.47384
  5    11.14    0.43800    0.47214
  6    12.98    0.42672    0.47097
  7    14.55    0.42566    0.47035
  8    16.41    0.41763    0.46988
  9    18.29    0.41489    0.46960
 10    20.31    0.40591    0.46988
 11    21.99    0.40442    0.47047
 12    23.51    0.39755    0.47107
 13    25.33    0.39213    0.47188
 14    27.47    0.38690    0.47314
ignore: 17
reading data...done
initializing model...done
  0     2.29    0.48208    0.49546
  1     4.14    0.46358    0.48575
  2     5.70    0.45383    0.48004
  3     7.31    0.44742    0.47639
  4     9.66    0.43782    0.47403
  5    11.61    0.43816    0.47229
  6    13.19    0.43079    0.47120
  7    14.77    0.42644    0.47035
  8    17.15    0.41907    0.47004
  9    19.20    0.41605    0.46982
 10    20.83    0.40934    0.47008
 11    22.34    0.39963    0.47076
 12    24.13    0.39916    0.47132
 13    26.40    0.38637    0.47207
 14    28.20    0.38707    0.47331
ignore: 18
reading data...done
initializing model...done
  0     2.48    0.48947    0.49510
  1     4.30    0.46419    0.48508
  2     5.83    0.45031    0.47964
  3     7.46    0.44909    0.47600
  4     9.91    0.43875    0.47369
  5    11.74    0.43683    0.47194
  6    13.27    0.43219    0.47094
  7    14.75    0.42723    0.47010
  8    17.10    0.41699    0.46978
  9    19.04    0.41832    0.46943
 10    20.61    0.40989    0.46968
 11    22.30    0.40573    0.47035
 12    24.61    0.39855    0.47085
 13    26.52    0.39394    0.47188
 14    28.07    0.38637    0.47294
ignore: 19
reading data...done
initializing model...done
  0     1.73    0.48631    0.49579
  1     3.24    0.46701    0.48617
  2     5.07    0.45941    0.48081
  3     6.89    0.45271    0.47735
  4     8.43    0.44516    0.47488
  5    10.44    0.43940    0.47319
  6    12.33    0.43655    0.47224
  7    14.24    0.43175    0.47132
  8    15.83    0.42531    0.47104
  9    17.66    0.41711    0.47093
 10    19.63    0.40740    0.47119
 11    21.50    0.40564    0.47210
 12    23.04    0.40078    0.47239
 13    24.77    0.39580    0.47333
 14    26.97    0.39030    0.47454
ignore: 20
reading data...done
initializing model...done
  0     2.17    0.48704    0.49542
  1     3.97    0.46693    0.48531
  2     5.55    0.45665    0.48046
  3     7.05    0.44886    0.47666
  4     9.22    0.43562    0.47434
  5    11.47    0.44062    0.47249
  6    13.19    0.43429    0.47164
  7    14.74    0.42920    0.47083
  8    16.43    0.42464    0.47027
  9    18.56    0.42061    0.47005
 10    20.57    0.41432    0.47054
 11    22.17    0.40720    0.47077
 12    23.93    0.40237    0.47124
 13    25.90    0.39705    0.47200
 14    27.88    0.38253    0.47316
ignore: 21
reading data...done
initializing model...done
  0     1.89    0.49014    0.49512
  1     3.52    0.46256    0.48500
  2     5.01    0.45288    0.47969
  3     6.82    0.44823    0.47616
  4     9.01    0.43973    0.47366
  5    10.77    0.43937    0.47190
  6    12.30    0.43331    0.47097
  7    13.98    0.42706    0.47014
  8    15.59    0.41658    0.46973
  9    17.52    0.41606    0.46941
 10    19.25    0.41096    0.46982
 11    21.13    0.40578    0.47041
 12    22.77    0.39958    0.47095
 13    24.51    0.39329    0.47167
 14    26.26    0.38770    0.47285
ignore: 22
reading data...done
initializing model...done
  0     2.26    0.48569    0.49622
  1     4.14    0.46281    0.48618
  2     5.67    0.45454    0.48039
  3     7.26    0.44726    0.47669
  4     9.22    0.44246    0.47428
  5    11.32    0.43887    0.47250
  6    13.04    0.42950    0.47134
  7    14.64    0.42531    0.47059
  8    16.49    0.42144    0.47025
  9    18.30    0.40903    0.47007
 10    19.83    0.40912    0.47026
 11    21.67    0.39953    0.47101
 12    23.77    0.39842    0.47164
 13    25.61    0.39134    0.47244
 14    27.23    0.37979    0.47368
ignore: 23
reading data...done
initializing model...done
  0     1.88    0.48670    0.49552
  1     3.82    0.46703    0.48552
  2     5.58    0.45653    0.48015
  3     7.47    0.44959    0.47696
  4     9.32    0.44036    0.47433
  5    11.11    0.43709    0.47269
  6    12.96    0.43454    0.47158
  7    14.78    0.42332    0.47093
  8    16.80    0.42471    0.47067
  9    18.62    0.41727    0.47032
 10    20.51    0.41350    0.47052
 11    22.35    0.40531    0.47106
 12    24.34    0.40490    0.47139
 13    26.12    0.39752    0.47210
 14    28.10    0.38805    0.47324
ignore: 24
reading data...done
initializing model...done
  0     2.11    0.48331    0.49566
  1     3.91    0.46637    0.48514
  2     5.93    0.45762    0.47961
  3     7.77    0.44935    0.47627
  4     9.60    0.44066    0.47366
  5    11.54    0.43195    0.47202
  6    13.40    0.43262    0.47088
  7    15.33    0.42716    0.47017
  8    17.23    0.42152    0.47005
  9    18.94    0.41551    0.46964
 10    20.70    0.40992    0.47007
 11    22.77    0.40301    0.47065
 12    24.89    0.39784    0.47127
 13    26.54    0.39167    0.47199
 14    28.12    0.38511    0.47325
ignore: 25
reading data...done
initializing model...done
  0     1.88    0.48874    0.49540
  1     3.73    0.46070    0.48528
  2     5.66    0.45631    0.47978
  3     7.23    0.44870    0.47617
  4     8.76    0.43471    0.47374
  5    10.48    0.43738    0.47208
  6    12.41    0.43417    0.47098
  7    14.04    0.42682    0.47021
  8    15.76    0.41878    0.46997
  9    17.69    0.41109    0.46964
 10    19.75    0.40914    0.47003
 11    21.49    0.40576    0.47061
 12    23.17    0.39886    0.47132
 13    25.15    0.39409    0.47197
 14    27.17    0.38502    0.47333
ignore: 26
reading data...done
initializing model...done
  0     2.10    0.49076    0.49682
  1     4.37    0.45676    0.48700
  2     6.11    0.45601    0.48113
  3     7.66    0.45043    0.47727
  4     9.47    0.44466    0.47448
  5    11.91    0.42745    0.47267
  6    13.68    0.43303    0.47150
  7    15.20    0.42706    0.47064
  8    16.79    0.41727    0.47051
  9    19.24    0.41961    0.47025
 10    21.14    0.40396    0.47058
 11    22.69    0.40371    0.47124
 12    24.22    0.39859    0.47175
 13    26.56    0.38882    0.47254
 14    28.74    0.38515    0.47388
ignore: 27
reading data...done
initializing model...done
  0     2.12    0.48902    0.49842
  1     4.21    0.46293    0.48704
  2     6.12    0.45803    0.48079
  3     7.75    0.44959    0.47682
  4     9.32    0.44367    0.47426
  5    11.58    0.43656    0.47256
  6    13.73    0.42567    0.47127
  7    15.30    0.42648    0.47082
  8    16.80    0.42166    0.47049
  9    18.70    0.41745    0.47027
 10    20.98    0.40833    0.47087
 11    22.66    0.40620    0.47132
 12    24.16    0.39918    0.47186
 13    25.70    0.39294    0.47281
 14    27.97    0.37734    0.47419
ignore: 28
reading data...done
initializing model...done
  0     1.77    0.48754    0.49575
  1     3.81    0.46215    0.48576
  2     5.47    0.45590    0.48049
  3     7.47    0.44880    0.47678
  4     9.12    0.44287    0.47429
  5    11.16    0.43883    0.47239
  6    13.06    0.43225    0.47127
  7    14.75    0.42764    0.47039
  8    16.34    0.42127    0.47008
  9    18.57    0.41178    0.46959
 10    20.32    0.41123    0.46991
 11    21.82    0.40455    0.47042
 12    23.78    0.39785    0.47101
 13    25.92    0.39264    0.47157
 14    27.78    0.38765    0.47279
ignore: 29
reading data...done
initializing model...done
  0     1.98    0.48914    0.49563
  1     3.69    0.46472    0.48559
  2     5.36    0.45416    0.47975
  3     7.29    0.44788    0.47631
  4     9.40    0.43814    0.47409
  5    11.21    0.43263    0.47219
  6    12.76    0.43077    0.47100
  7    14.83    0.42111    0.47021
  8    16.57    0.42193    0.46987
  9    18.09    0.41556    0.46962
 10    19.99    0.41088    0.46990
 11    22.18    0.40629    0.47056
 12    24.05    0.39967    0.47102
 13    25.67    0.39301    0.47189
 14    27.55    0.38655    0.47310
ignore: 30
reading data...done
initializing model...done
  0     1.90    0.48944    0.49591
  1     3.83    0.46663    0.48584
  2     5.70    0.45362    0.48045
  3     7.31    0.44971    0.47684
  4     9.21    0.44530    0.47449
  5    10.92    0.43849    0.47273
  6    12.61    0.43138    0.47172
  7    14.74    0.43092    0.47103
  8    17.02    0.41759    0.47068
  9    18.89    0.41852    0.47026
 10    20.46    0.41098    0.47054
 11    21.96    0.39626    0.47119
 12    23.66    0.40002    0.47175
 13    25.66    0.38883    0.47256
 14    27.59    0.38623    0.47394
ignore: 31
reading data...done
initializing model...done
  0     2.01    0.48808    0.49551
  1     4.09    0.46648    0.48553
  2     5.71    0.45474    0.48008
  3     7.73    0.44971    0.47651
  4     9.47    0.44225    0.47399
  5    11.24    0.43646    0.47231
  6    13.14    0.42797    0.47118
  7    15.24    0.42618    0.47034
  8    16.92    0.42139    0.47005
  9    18.73    0.41566    0.46980
 10    20.50    0.41022    0.47008
 11    22.48    0.40549    0.47090
 12    24.39    0.39831    0.47134
 13    26.30    0.39223    0.47218
 14    27.90    0.38409    0.47342
ignore: 32
reading data...done
initializing model...done
  0     2.00    0.49167    0.49525
  1     3.79    0.46668    0.48522
  2     5.40    0.45380    0.48004
  3     7.46    0.45187    0.47655
  4     9.46    0.44229    0.47394
  5    11.25    0.43665    0.47219
  6    12.79    0.43410    0.47118
  7    14.32    0.42938    0.47033
  8    16.44    0.42044    0.46997
  9    18.65    0.42029    0.46967
 10    20.29    0.41256    0.47000
 11    21.76    0.40185    0.47055
 12    23.51    0.39996    0.47115
 13    25.76    0.39139    0.47205
 14    27.58    0.38782    0.47331
ignore: 33
reading data...done
initializing model...done
  0     1.98    0.48963    0.49618
  1     3.54    0.46546    0.48586
  2     5.03    0.45470    0.48028
  3     7.24    0.44934    0.47660
  4     9.18    0.44257    0.47429
  5    10.75    0.43098    0.47249
  6    12.29    0.43136    0.47148
  7    14.08    0.42778    0.47057
  8    16.00    0.41501    0.47040
  9    17.66    0.41621    0.47017
 10    19.15    0.40982    0.47059
 11    21.28    0.39839    0.47114
 12    23.34    0.39785    0.47172
 13    24.92    0.39166    0.47262
 14    26.36    0.38489    0.47386
ignore: 34
reading data...done
initializing model...done
  0     1.61    0.48741    0.49524
  1     3.81    0.46271    0.48537
  2     6.05    0.45811    0.47981
  3     7.98    0.44506    0.47622
  4     9.58    0.44222    0.47377
  5    11.73    0.43909    0.47204
  6    13.60    0.43296    0.47110
  7    15.52    0.42786    0.47018
  8    17.64    0.41783    0.46998
  9    19.47    0.41541    0.46957
 10    21.51    0.40352    0.46984
 11    23.22    0.40491    0.47061
 12    24.85    0.39782    0.47113
 13    26.78    0.39113    0.47204
 14    28.94    0.38257    0.47335
ignore: 35
reading data...done
initializing model...done
  0     2.02    0.48321    0.49533
  1     3.82    0.46724    0.48541
  2     5.34    0.45528    0.47994
  3     7.18    0.45148    0.47636
  4     9.28    0.44574    0.47397
  5    10.99    0.43998    0.47231
  6    12.50    0.43371    0.47134
  7    14.45    0.43034    0.47038
  8    16.58    0.41457    0.47010
  9    18.23    0.41830    0.46965
 10    19.70    0.41255    0.47002
 11    21.16    0.40689    0.47061
 12    23.77    0.40447    0.47106
 13    26.03    0.39691    0.47185
 14    27.85    0.38685    0.47310
ignore: 36
reading data...done
initializing model...done
  0     1.86    0.48851    0.49696
  1     3.92    0.46908    0.48649
  2     5.86    0.45896    0.48094
  3     7.46    0.44709    0.47740
  4     9.36    0.44638    0.47503
  5    11.27    0.44033    0.47339
  6    13.18    0.43163    0.47224
  7    15.09    0.41637    0.47148
  8    16.61    0.42296    0.47132
  9    18.57    0.41313    0.47087
 10    20.34    0.41321    0.47134
 11    22.36    0.40874    0.47192
 12    24.00    0.40074    0.47238
 13    25.99    0.39565    0.47344
 14    27.70    0.38736    0.47455
ignore: 37
reading data...done
initializing model...done
  0     1.63    0.48134    0.49558
  1     3.20    0.46188    0.48580
  2     4.98    0.45300    0.48041
  3     6.90    0.44593    0.47688
  4     8.49    0.43956    0.47442
  5    10.02    0.43476    0.47262
  6    11.60    0.42976    0.47154
  7    13.57    0.42444    0.47076
  8    15.34    0.42081    0.47054
  9    16.90    0.41444    0.47015
 10    18.42    0.40790    0.47033
 11    20.35    0.40467    0.47092
 12    22.15    0.39217    0.47170
 13    23.72    0.39033    0.47226
 14    25.23    0.38296    0.47368
ignore: 38
reading data...done
initializing model...done
  0     2.15    0.48773    0.49529
  1     5.39    0.47054    0.48540
  2     7.39    0.45813    0.48002
  3     9.90    0.44276    0.47643
  4    13.06    0.43570    0.47399
  5    14.99    0.43689    0.47227
  6    17.83    0.42914    0.47111
  7    19.85    0.42576    0.47041
  8    22.75    0.42762    0.47012
  9    25.24    0.41924    0.46985
 10    27.57    0.40607    0.47015
 11    29.90    0.40207    0.47084
 12    32.80    0.39521    0.47146
 13    34.94    0.39491    0.47222
 14    37.56    0.37953    0.47354
ignore: 39
reading data...done
initializing model...done
  0     1.55    0.48931    0.49536
  1     3.03    0.46645    0.48561
  2     5.04    0.44730    0.48002
  3     6.79    0.44869    0.47651
  4     8.33    0.44377    0.47420
  5     9.89    0.43877    0.47247
  6    11.44    0.43366    0.47138
  7    13.37    0.41876    0.47059
  8    14.98    0.42385    0.47029
  9    16.45    0.41736    0.47005
 10    17.91    0.40359    0.47026
 11    19.82    0.40717    0.47108
 12    21.48    0.40069    0.47163
 13    22.95    0.39363    0.47247
 14    24.49    0.38310    0.47369
