  1   2 0.559 0.026
  1   3 0.448 0.018
  1   4 0.485 0.052
  1   5 0.601 0.266
  1   6 0.627 0.240
  1   7 0.538 0.133
  1   8 0.466 0.347
  1   9 0.532 0.184
  1  10 0.711 0.127
  1  11 0.668 0.050
  1  12 0.454 0.023
  1  13 0.546 0.120
  1  14 0.469 0.009
  1  15 0.572 0.046
  1  16 0.673 0.166
  1  17 0.632 0.324
  1  18 0.422 0.002
  1  19 0.451 0.012
  1  20 0.598 0.328
  1  21 0.668 0.002
  1  22 0.738 0.021
  1  23 0.615 0.429
  1  24 0.582 0.268
  1  25 0.662 0.225
  1  26 0.588 0.230
  1  27 0.719 0.029
  1  28 0.594 0.256
  1  29 0.469 0.223
  1  30 0.543 0.027
  1  31 0.542 0.115
  1  32 0.481 0.050
  1  33 0.492 0.001
  1  34 0.637 0.236
  1  35 0.471 0.003
  1  36 0.419 0.041
  1  37 0.639 0.214
  1  38 0.554 0.010
  1  39 0.461 0.203
  2   3 0.528 0.259
  2   4 0.503 0.112
  2   5 0.509 0.196
  2   6 0.560 0.101
  2   7 0.512 0.060
  2   8 0.484 0.034
  2   9 0.494 0.055
  2  10 0.502 0.017
  2  11 0.654 0.039
  2  12 0.619 0.017
  2  13 0.549 0.118
  2  14 0.442 0.020
  2  15 0.518 0.268
  2  16 0.553 0.438
  2  17 0.552 0.652
  2  18 0.615 0.008
  2  19 0.545 0.094
  2  20 0.509 0.388
  2  21 0.434 0.014
  2  22 0.700 0.018
  2  23 0.512 0.343
  2  24 0.522 0.279
  2  25 0.512 0.494
  2  26 0.531 0.287
  2  27 0.532 0.078
  2  28 0.515 0.786
  2  29 0.565 0.626
  2  30 0.515 0.020
  2  31 0.533 0.388
  2  32 0.514 0.096
  2  33 0.445 0.069
  2  34 0.581 0.579
  2  35 0.470 0.037
  2  36 0.544 0.053
  2  37 0.565 0.568
  2  38 0.527 0.030
  2  39 0.494 0.470
  3   4 0.591 0.125
  3   5 0.508 0.254
  3   6 0.519 0.113
  3   7 0.509 0.011
  3   8 0.491 0.025
  3   9 0.508 0.076
  3  10 0.522 0.026
  3  11 0.575 0.025
  3  12 0.734 0.013
  3  13 0.623 0.450
  3  14 0.413 0.008
  3  15 0.517 0.108
  3  16 0.484 0.390
  3  17 0.502 0.488
  3  18 0.453 0.004
  3  19 0.515 0.127
  3  20 0.501 0.413
  3  21 0.521 0.004
  3  22 0.739 0.026
  3  23 0.490 0.332
  3  24 0.507 0.232
  3  25 0.489 0.375
  3  26 0.492 0.192
  3  27 0.663 0.033
  3  28 0.532 0.589
  3  29 0.513 0.557
  3  30 0.674 0.041
  3  31 0.536 0.358
  3  32 0.553 0.083
  3  33 0.535 0.088
  3  34 0.497 0.413
  3  35 0.650 0.030
  3  36 0.517 0.048
  3  37 0.503 0.420
  3  38 0.516 0.055
  3  39 0.564 0.346
  4   5 0.537 0.365
  4   6 0.536 0.569
  4   7 0.508 0.042
  4   8 0.621 0.218
  4   9 0.456 0.075
  4  10 0.482 0.008
  4  11 0.550 0.122
  4  12 0.458 0.010
  4  13 0.724 1.252
  4  14 0.593 0.006
  4  15 0.505 0.036
  4  16 0.515 0.208
  4  17 0.508 0.310
  4  18 0.679 0.002
  4  19 0.516 0.184
  4  20 0.515 0.336
  4  21 0.520 0.002
  4  22 0.604 0.000
  4  23 0.524 0.347
  4  24 0.487 0.233
  4  25 0.511 0.192
  4  26 0.498 0.183
  4  27 0.715 0.014
  4  28 0.506 0.322
  4  29 0.509 0.261
  4  30 0.548 0.079
  4  31 0.503 0.140
  4  32 0.472 0.058
  4  33 0.556 0.000
  4  34 0.514 0.251
  4  35 0.439 0.001
  4  36 0.516 0.046
  4  37 0.474 0.293
  4  38 0.491 0.001
  4  39 0.539 0.166
  5   6 0.583 0.501
  5   7 0.534 0.199
  5   8 0.480 0.424
  5   9 0.536 0.289
  5  10 0.610 0.124
  5  11 0.633 0.471
  5  12 0.553 0.123
  5  13 0.502 0.163
  5  14 0.477 0.065
  5  15 0.511 0.238
  5  16 0.498 0.281
  5  17 0.534 0.469
  5  18 0.543 0.036
  5  19 0.551 0.150
  5  20 0.524 0.535
  5  21 0.519 0.042
  5  22 0.621 0.492
  5  23 0.515 0.414
  5  24 0.535 0.432
  5  25 0.517 0.301
  5  26 0.531 0.533
  5  27 0.619 0.078
  5  28 0.524 0.383
  5  29 0.551 0.320
  5  30 0.527 0.292
  5  31 0.530 0.296
  5  32 0.570 0.133
  5  33 0.542 0.083
  5  34 0.528 0.309
  5  35 0.625 0.044
  5  36 0.527 0.117
  5  37 0.541 0.445
  5  38 0.563 0.087
  5  39 0.510 0.342
  6   7 0.549 0.098
  6   8 0.583 0.666
  6   9 0.599 0.780
  6  10 0.583 0.199
  6  11 0.619 0.101
  6  12 0.576 0.082
  6  13 0.589 0.220
  6  14 0.564 0.029
  6  15 0.524 0.111
  6  16 0.607 0.271
  6  17 0.605 0.420
  6  18 0.655 0.010
  6  19 0.568 0.377
  6  20 0.562 0.469
  6  21 0.548 0.013
  6  22 0.705 0.334
  6  23 0.580 0.422
  6  24 0.549 0.350
  6  25 0.594 0.304
  6  26 0.534 0.286
  6  27 0.699 0.051
  6  28 0.570 0.376
  6  29 0.607 0.343
  6  30 0.520 0.026
  6  31 0.565 0.229
  6  32 0.562 0.069
  6  33 0.523 0.023
  6  34 0.552 0.289
  6  35 0.680 0.071
  6  36 0.486 0.063
  6  37 0.580 0.329
  6  38 0.599 0.021
  6  39 0.620 0.247
  7   8 0.456 0.028
  7   9 0.479 0.134
  7  10 0.545 0.035
  7  11 0.604 0.654
  7  12 0.656 0.119
  7  13 0.480 0.034
  7  14 0.426 0.017
  7  15 0.524 0.062
  7  16 0.595 0.183
  7  17 0.588 0.268
  7  18 0.634 0.004
  7  19 0.522 0.055
  7  20 0.550 0.581
  7  21 0.508 0.006
  7  22 0.738 0.187
  7  23 0.578 0.413
  7  24 0.549 0.339
  7  25 0.566 0.228
  7  26 0.525 0.300
  7  27 0.712 0.050
  7  28 0.549 0.287
  7  29 0.572 0.242
  7  30 0.527 0.156
  7  31 0.541 0.178
  7  32 0.378 0.042
  7  33 0.494 0.003
  7  34 0.553 0.226
  7  35 0.489 0.013
  7  36 0.437 0.050
  7  37 0.543 0.244
  7  38 0.494 0.016
  7  39 0.572 0.154
  8   9 0.437 0.563
  8  10 0.544 0.039
  8  11 0.534 0.050
  8  12 0.623 0.008
  8  13 0.557 0.229
  8  14 0.424 0.009
  8  15 0.508 0.052
  8  16 0.503 0.188
  8  17 0.554 0.359
  8  18 0.670 0.001
  8  19 0.557 0.097
  8  20 0.520 0.437
  8  21 0.616 0.004
  8  22 0.694 0.007
  8  23 0.516 0.365
  8  24 0.505 0.265
  8  25 0.511 0.222
  8  26 0.514 0.238
  8  27 0.678 0.020
  8  28 0.517 0.320
  8  29 0.533 0.274
  8  30 0.524 0.047
  8  31 0.511 0.180
  8  32 0.533 0.043
  8  33 0.650 0.000
  8  34 0.509 0.233
  8  35 0.463 0.033
  8  36 0.464 0.025
  8  37 0.527 0.273
  8  38 0.502 0.004
  8  39 0.495 0.140
  9  10 0.561 0.065
  9  11 0.497 1.025
  9  12 0.543 0.057
  9  13 0.432 0.164
  9  14 0.474 0.029
  9  15 0.509 0.125
  9  16 0.478 0.257
  9  17 0.491 0.294
  9  18 0.523 0.015
  9  19 0.559 0.183
  9  20 0.527 0.494
  9  21 0.515 0.015
  9  22 0.653 0.076
  9  23 0.471 0.443
  9  24 0.488 0.364
  9  25 0.460 0.267
  9  26 0.498 0.419
  9  27 0.639 0.048
  9  28 0.494 0.346
  9  29 0.486 0.296
  9  30 0.495 0.285
  9  31 0.508 0.213
  9  32 0.509 0.086
  9  33 0.551 0.021
  9  34 0.490 0.292
  9  35 0.628 0.066
  9  36 0.508 0.141
  9  37 0.468 0.279
  9  38 0.558 0.029
  9  39 0.517 0.204
 10  11 0.600 0.084
 10  12 0.487 0.020
 10  13 0.619 0.003
 10  14 0.472 0.004
 10  15 0.655 0.022
 10  16 0.678 0.146
 10  17 0.717 0.216
 10  18 0.739 0.001
 10  19 0.424 0.060
 10  20 0.604 0.251
 10  21 0.726 0.003
 10  22 0.739 0.085
 10  23 0.584 0.391
 10  24 0.629 0.163
 10  25 0.581 0.128
 10  26 0.543 0.180
 10  27 0.720 0.064
 10  28 0.590 0.206
 10  29 0.599 0.179
 10  30 0.563 0.007
 10  31 0.598 0.077
 10  32 0.510 0.036
 10  33 0.535 0.002
 10  34 0.592 0.209
 10  35 0.738 0.001
 10  36 0.682 0.019
 10  37 0.706 0.175
 10  38 0.452 0.001
 10  39 0.467 0.130
 11  12 0.628 0.168
 11  13 0.601 0.107
 11  14 0.673 0.013
 11  15 0.645 0.083
 11  16 0.616 0.299
 11  17 0.673 0.376
 11  18 0.730 0.004
 11  19 0.583 0.345
 11  20 0.586 0.489
 11  21 0.691 0.011
 11  22 0.737 0.519
 11  23 0.511 0.520
 11  24 0.615 0.392
 11  25 0.664 0.271
 11  26 0.601 0.485
 11  27 0.717 0.066
 11  28 0.605 0.272
 11  29 0.651 0.288
 11  30 0.519 0.201
 11  31 0.610 0.183
 11  32 0.661 0.081
 11  33 0.737 0.076
 11  34 0.661 0.205
 11  35 0.730 0.013
 11  36 0.715 0.148
 11  37 0.614 0.349
 11  38 0.678 0.057
 11  39 0.612 0.282
 12  13 0.580 0.005
 12  14 0.468 0.003
 12  15 0.702 0.040
 12  16 0.693 0.191
 12  17 0.620 0.348
 12  18 0.732 0.007
 12  19 0.406 0.030
 12  20 0.607 0.442
 12  21 0.672 0.004
 12  22 0.739 0.062
 12  23 0.604 0.367
 12  24 0.617 0.288
 12  25 0.658 0.165
 12  26 0.660 0.267
 12  27 0.720 0.142
 12  28 0.612 0.259
 12  29 0.700 0.254
 12  30 0.568 0.202
 12  31 0.674 0.118
 12  32 0.546 0.064
 12  33 0.739 0.037
 12  34 0.688 0.171
 12  35 0.738 0.019
 12  36 0.738 0.023
 12  37 0.642 0.287
 12  38 0.573 0.003
 12  39 0.502 0.146
 13  14 0.513 0.005
 13  15 0.515 0.041
 13  16 0.484 0.176
 13  17 0.503 0.305
 13  18 0.452 0.003
 13  19 0.511 0.056
 13  20 0.534 0.358
 13  21 0.448 0.003
 13  22 0.574 0.028
 13  23 0.535 0.338
 13  24 0.526 0.184
 13  25 0.580 0.197
 13  26 0.503 0.176
 13  27 0.724 0.012
 13  28 0.536 0.315
 13  29 0.558 0.264
 13  30 0.534 0.083
 13  31 0.540 0.173
 13  32 0.452 0.048
 13  33 0.535 0.018
 13  34 0.535 0.248
 13  35 0.422 0.013
 13  36 0.557 0.037
 13  37 0.517 0.248
 13  38 0.490 0.002
 13  39 0.532 0.311
 14  15 0.516 0.045
 14  16 0.503 0.128
 14  17 0.478 0.175
 14  18 0.425 0.004
 14  19 0.718 0.004
 14  20 0.553 0.278
 14  21 0.388 0.008
 14  22 0.737 0.009
 14  23 0.538 0.281
 14  24 0.556 0.206
 14  25 0.534 0.118
 14  26 0.510 0.151
 14  27 0.709 0.021
 14  28 0.522 0.204
 14  29 0.500 0.170
 14  30 0.722 0.004
 14  31 0.503 0.109
 14  32 0.373 0.018
 14  33 0.565 0.008
 14  34 0.486 0.158
 14  35 0.413 0.003
 14  36 0.527 0.007
 14  37 0.497 0.109
 14  38 0.715 0.008
 14  39 0.460 0.084
 15  16 0.535 0.143
 15  17 0.524 0.210
 15  18 0.510 0.014
 15  19 0.499 0.136
 15  20 0.519 0.388
 15  21 0.482 0.020
 15  22 0.688 0.118
 15  23 0.498 0.347
 15  24 0.523 0.277
 15  25 0.509 0.115
 15  26 0.515 0.287
 15  27 0.644 0.096
 15  28 0.595 0.491
 15  29 0.530 0.138
 15  30 0.652 0.114
 15  31 0.610 0.360
 15  32 0.634 0.188
 15  33 0.673 0.057
 15  34 0.506 0.132
 15  35 0.647 0.075
 15  36 0.496 0.179
 15  37 0.529 0.205
 15  38 0.627 0.142
 15  39 0.605 0.167
 16  17 0.482 0.122
 16  18 0.571 0.085
 16  19 0.502 0.306
 16  20 0.487 0.276
 16  21 0.626 0.083
 16  22 0.708 0.242
 16  23 0.516 0.254
 16  24 0.498 0.206
 16  25 0.490 0.036
 16  26 0.486 0.234
 16  27 0.576 0.601
 16  28 0.510 0.206
 16  29 0.502 0.051
 16  30 0.543 0.193
 16  31 0.516 0.133
 16  32 0.542 0.116
 16  33 0.531 0.309
 16  34 0.467 0.040
 16  35 0.647 0.249
 16  36 0.508 0.290
 16  37 0.539 0.122
 16  38 0.579 0.116
 16  39 0.508 0.197
 17  18 0.602 0.145
 17  19 0.578 0.736
 17  20 0.473 0.317
 17  21 0.586 0.202
 17  22 0.676 0.637
 17  23 0.492 0.455
 17  24 0.475 0.334
 17  25 0.501 0.175
 17  26 0.495 0.375
 17  27 0.551 1.163
 17  28 0.500 0.281
 17  29 0.469 0.048
 17  30 0.510 0.404
 17  31 0.527 0.274
 17  32 0.544 0.336
 17  33 0.495 0.601
 17  34 0.473 0.077
 17  35 0.611 0.374
 17  36 0.494 0.499
 17  37 0.513 0.410
 17  38 0.628 0.206
 17  39 0.543 0.337
 18  19 0.735 0.001
 18  20 0.562 0.250
 18  21 0.327 0.003
 18  22 0.738 0.013
 18  23 0.627 0.244
 18  24 0.566 0.156
 18  25 0.515 0.126
 18  26 0.634 0.133
 18  27 0.716 0.022
 18  28 0.543 0.176
 18  29 0.584 0.133
 18  30 0.567 0.002
 18  31 0.613 0.075
 18  32 0.520 0.018
 18  33 0.535 0.006
 18  34 0.544 0.129
 18  35 0.738 0.002
 18  36 0.736 0.002
 18  37 0.603 0.114
 18  38 0.728 0.003
 18  39 0.465 0.083
 19  20 0.499 0.740
 19  21 0.719 0.002
 19  22 0.737 0.032
 19  23 0.514 0.537
 19  24 0.553 0.477
 19  25 0.600 0.431
 19  26 0.566 0.451
 19  27 0.519 0.160
 19  28 0.541 0.791
 19  29 0.520 0.662
 19  30 0.549 0.089
 19  31 0.515 0.461
 19  32 0.487 0.088
 19  33 0.543 0.130
 19  34 0.628 0.449
 19  35 0.482 0.398
 19  36 0.500 1.588
 19  37 0.554 0.569
 19  38 0.515 0.054
 19  39 0.494 0.496
 20  21 0.544 0.310
 20  22 0.651 0.330
 20  23 0.501 0.459
 20  24 0.443 0.112
 20  25 0.448 0.236
 20  26 0.474 0.100
 20  27 0.515 0.534
 20  28 0.484 0.317
 20  29 0.467 0.293
 20  30 0.522 0.515
 20  31 0.510 0.349
 20  32 0.583 0.301
 20  33 0.500 0.375
 20  34 0.463 0.226
 20  35 0.599 0.405
 20  36 0.530 0.450
 20  37 0.482 0.400
 20  38 0.632 0.197
 20  39 0.528 0.285
 21  22 0.738 0.002
 21  23 0.451 0.254
 21  24 0.544 0.153
 21  25 0.574 0.133
 21  26 0.637 0.119
 21  27 0.714 0.019
 21  28 0.523 0.205
 21  29 0.553 0.128
 21  30 0.639 0.002
 21  31 0.547 0.103
 21  32 0.399 0.017
 21  33 0.534 0.006
 21  34 0.594 0.109
 21  35 0.738 0.002
 21  36 0.512 0.004
 21  37 0.550 0.124
 21  38 0.687 0.004
 21  39 0.476 0.069
 22  23 0.650 0.641
 22  24 0.658 0.276
 22  25 0.691 0.386
 22  26 0.653 0.470
 22  27 0.720 0.550
 22  28 0.677 0.324
 22  29 0.686 0.485
 22  30 0.739 0.087
 22  31 0.685 0.228
 22  32 0.519 0.066
 22  33 0.535 0.097
 22  34 0.695 0.304
 22  35 0.739 0.078
 22  36 0.739 0.079
 22  37 0.655 0.435
 22  38 0.532 0.069
 22  39 0.685 0.268
 23  24 0.493 0.372
 23  25 0.479 0.236
 23  26 0.508 0.497
 23  27 0.598 0.634
 23  28 0.496 0.359
 23  29 0.504 0.382
 23  30 0.506 0.676
 23  31 0.497 0.324
 23  32 0.494 0.433
 23  33 0.499 0.350
 23  34 0.513 0.322
 23  35 0.613 0.345
 23  36 0.511 0.509
 23  37 0.487 0.498
 23  38 0.620 0.302
 23  39 0.482 0.329
 24  25 0.464 0.205
 24  26 0.505 0.115
 24  27 0.520 0.481
 24  28 0.490 0.359
 24  29 0.480 0.269
 24  30 0.507 0.301
 24  31 0.511 0.311
 24  32 0.597 0.224
 24  33 0.528 0.187
 24  34 0.488 0.226
 24  35 0.622 0.224
 24  36 0.500 0.284
 24  37 0.487 0.403
 24  38 0.632 0.198
 24  39 0.498 0.300
 25  26 0.487 0.242
 25  27 0.513 0.350
 25  28 0.502 0.228
 25  29 0.492 0.073
 25  30 0.523 0.219
 25  31 0.519 0.121
 25  32 0.544 0.198
 25  33 0.512 0.324
 25  34 0.477 0.083
 25  35 0.644 0.240
 25  36 0.473 0.283
 25  37 0.531 0.338
 25  38 0.592 0.121
 25  39 0.505 0.230
 26  27 0.560 0.523
 26  28 0.492 0.407
 26  29 0.481 0.269
 26  30 0.500 0.531
 26  31 0.510 0.372
 26  32 0.572 0.266
 26  33 0.627 0.158
 26  34 0.486 0.243
 26  35 0.646 0.276
 26  36 0.516 0.428
 26  37 0.487 0.419
 26  38 0.613 0.209
 26  39 0.530 0.271
 27  28 0.661 0.268
 27  29 0.580 0.734
 27  30 0.523 0.044
 27  31 0.602 0.139
 27  32 0.575 0.183
 27  33 0.720 0.138
 27  34 0.599 0.587
 27  35 0.701 0.173
 27  36 0.415 0.122
 27  37 0.529 1.213
 27  38 0.723 0.058
 27  39 0.490 0.827
 28  29 0.495 0.304
 28  30 0.538 0.339
 28  31 0.576 0.076
 28  32 0.617 0.238
 28  33 0.593 0.666
 28  34 0.498 0.287
 28  35 0.597 0.326
 28  36 0.491 0.549
 28  37 0.510 0.273
 28  38 0.638 0.302
 28  39 0.485 0.316
 29  30 0.521 0.281
 29  31 0.523 0.204
 29  32 0.584 0.128
 29  33 0.513 0.411
 29  34 0.404 0.042
 29  35 0.678 0.183
 29  36 0.509 0.380
 29  37 0.496 0.341
 29  38 0.528 0.137
 29  39 0.518 0.162
 30  31 0.566 0.263
 30  32 0.666 0.062
 30  33 0.535 0.076
 30  34 0.537 0.269
 30  35 0.564 0.029
 30  36 0.430 0.200
 30  37 0.561 0.295
 30  38 0.675 0.004
 30  39 0.540 0.224
 31  32 0.557 0.159
 31  33 0.516 0.054
 31  34 0.531 0.151
 31  35 0.601 0.141
 31  36 0.484 0.306
 31  37 0.538 0.245
 31  38 0.680 0.215
 31  39 0.550 0.201
 32  33 0.678 2.990
 32  34 0.470 0.147
 32  35 0.518 0.058
 32  36 0.433 0.081
 32  37 0.513 0.295
 32  38 0.675 0.143
 32  39 0.648 1.734
 33  34 0.580 0.337
 33  35 0.534 0.009
 33  36 0.535 0.008
 33  37 0.517 0.519
 33  38 0.651 0.732
 33  39 0.637 0.937
 34  35 0.704 0.188
 34  36 0.470 0.258
 34  37 0.522 0.346
 34  38 0.591 0.093
 34  39 0.478 0.204
 35  36 0.489 0.315
 35  37 0.609 0.305
 35  38 0.527 0.011
 35  39 0.522 0.205
 36  37 0.507 0.586
 36  38 0.682 0.014
 36  39 0.530 0.320
 37  38 0.567 0.142
 37  39 0.497 0.215
 38  39 0.335 0.307
