See the effetiveness of cantor

===============================
0   18.34    0.47573    0.47337
1   36.78    0.38994    0.47261
2   54.76    0.35746    0.47269
3   72.94    0.33515    0.47342
4   90.96    0.31794    0.47446
5  109.13    0.30388    0.47569
6  127.64    0.29201    0.47674
7  146.07    0.28172    0.47786
8  164.29    0.27263    0.47904
9  182.61    0.26451    0.48025
logloss = 0.48025
0.48024613537453115
0  193.39    0.46079    0.46265
1  377.55    0.42564    0.46098
2  567.85    0.41323    0.46051
3  751.42    0.40461    0.46041
4  937.99    0.39784    0.46048
5 1154.54    0.39219    0.46066
6 1384.15    0.38733    0.46087
7 1617.88    0.38301    0.46110
8 1842.89    0.37914    0.46138
9 2068.21    0.37561    0.46168
logloss = 0.46168
0.46168362740454594
0 1976.49    0.44904    0.45291
1 3911.92    0.43591    0.45146
2 6190.91    0.43173    0.45084
3 8542.72    0.42895    0.45051
4 10468.62    0.42683    0.45030
5 12323.37    0.42510    0.45021
6 14222.69    0.42362    0.45016
7 16093.01    0.42233    0.45012
8 17988.05    0.42119    0.45015
9 19989.84    0.42015    0.45015
logloss = 0.45015
0.4501517848595531
