remove random_shuffle
=====================

0     7.18    0.47594    0.47336
1    14.37    0.38992    0.47227
2    21.55    0.35740    0.47260
3    28.86    0.33505    0.47338
4    36.06    0.31782    0.47435
5    43.24    0.30376    0.47541
6    50.42    0.29186    0.47652
7    57.61    0.28156    0.47765
8    64.79    0.27247    0.47878
9    71.98    0.26434    0.47991
logloss = 0.47991
0.4799138696079678
0    71.57    0.46072    0.46277
1   143.12    0.42553    0.46111
2   214.77    0.41314    0.46060
3   286.31    0.40452    0.46048
4   357.88    0.39775    0.46053
5   429.43    0.39211    0.46069
6   501.07    0.38723    0.46090
7   572.63    0.38292    0.46115
8   644.18    0.37904    0.46142
9   715.74    0.37551    0.46171
logloss = 0.46171
0.4617099180621771
0   715.39    0.44879    0.45326
1  1430.76    0.43569    0.45171
2  2146.79    0.43154    0.45104
3  2862.04    0.42877    0.45067
4  3577.74    0.42666    0.45046
5  4289.60    0.42493    0.45033
6  5005.46    0.42346    0.45025
7  5722.03    0.42218    0.45022
8  6438.03    0.42104    0.45021
9  7154.23    0.42001    0.45021
logloss = 0.45021
0.45021177618224684
