0   18.27    0.47560    0.47302
1   36.54    0.38044    0.47242
2   54.82    0.34326    0.47289
3   73.10    0.31803    0.47376
4   91.37    0.29884    0.47493
5  109.66    0.28334    0.47633
6  127.94    0.27040    0.47747
7  146.32    0.25928    0.47865
8  164.59    0.24956    0.47992
9  182.86    0.24094    0.48117
logloss = 0.48117
0.48116745190191695
0  181.07    0.46010    0.46183
1  362.11    0.41459    0.46054
2  543.16    0.39699    0.46038
3  724.29    0.38461    0.46056
4  905.34    0.37485    0.46090
5 1086.42    0.36673    0.46134
6 1267.51    0.35973    0.46179
7 1448.57    0.35355    0.46225
8 1629.65    0.34802    0.46275
9 1810.79    0.34299    0.46326
logloss = 0.46326
0.4632583396577065
0 1963.66    0.44793    0.45179
1 4142.49    0.42895    0.45047
2 6152.81    0.42213    0.44997
3 7947.71    0.41739    0.44976
4 9742.45    0.41367    0.44966
5 11597.58    0.41056    0.44968
6 13435.50    0.40787    0.44974
7 15255.74    0.40549    0.44979
8 17074.85    0.40335    0.44991
