M=0
3.00 0.467
M=1
2.75 0.4668
M=2
2.75 0.4672
M=3
2.75 0.4671
M=4
2.75 0.4671
M=5
3.25 0.4683
M=6
2.75 0.4681
M=7
2.75 0.467
M=8
3.00 0.4673
M=9
2.75 0.4675
M=10
2.75 0.467
M=11
3.00 0.4686
M=12
2.50 0.4671
M=13
2.50 0.4675
M=14
2.50 0.4669
M=15
3.00 0.467
M=16
2.75 0.467
M=17
2.50 0.4672
M=18
2.50 0.4669
M=19
2.50 0.4672
M=20
3.00 0.4676
M=21
2.50 0.4669
M=22
2.50 0.467
M=23
2.75 0.4679
M=24
3.00 0.467
M=25
2.75 0.4671
M=26
2.75 0.467
M=27
2.75 0.4671
M=28
2.75 0.4688
M=29
3.00 0.467
M=30
2.50 0.4677
M=31
2.75 0.4671
M=32
3.00 0.467
M=33
2.50 0.4675
M=34
2.75 0.4669
M=35
2.75 0.4671
M=36
3.00 0.4673
M=37
2.50 0.4673
M=38
2.75 0.467
M=39
2.75 0.4678
