0 0.47591 0.47366
1 0.39456 0.47265
2 0.36395 0.47255
3 0.34282 0.47311
4 0.32647 0.47398
5 0.31305 0.47506
6 0.30169 0.47594
7 0.29180 0.47692
8 0.28304 0.47795
9 0.27519 0.47901
logloss = 0.47901
0.4790140802117328
0 0.46110 0.46297
1 0.42810 0.46122
2 0.41646 0.46067
3 0.40838 0.46051
4 0.40203 0.46053
5 0.39675 0.46066
6 0.39220 0.46083
7 0.38816 0.46102
8 0.38454 0.46126
9 0.38123 0.46153
logloss = 0.46153
0.4615344110016744
0 0.44941 0.45330
1 0.43689 0.45183
2 0.43291 0.45119
3 0.43027 0.45085
4 0.42827 0.45063
5 0.42663 0.45053
6 0.42524 0.45047
7 0.42402 0.45042
8 0.42294 0.45043
9 0.42197 0.45042
logloss = 0.45042
0.4504217241794069
