eat = 0.75

===============================
0   14.26    0.47661    0.47468
1   28.52    0.41071    0.47258
2   42.77    0.38496    0.47180
3   57.03    0.36692    0.47166
4   71.29    0.35278    0.47192
5   85.56    0.34104    0.47241
6   99.82    0.33100    0.47280
7  114.08    0.32219    0.47328
8  128.34    0.31432    0.47384
9  142.59    0.30722    0.47444
10  156.85    0.30074    0.47512
11  171.11    0.29479    0.47566
12  185.37    0.28928    0.47616
13  199.68    0.28414    0.47677
14  213.94    0.27933    0.47738
15  228.19    0.27483    0.47797
16  242.45    0.27058    0.47869
17  256.71    0.26656    0.47931
18  270.96    0.26275    0.47989
19  285.22    0.25912    0.48044
0  143.04    0.46217    0.46402
1  286.02    0.43463    0.46184
2  429.02    0.42480    0.46095
3  572.00    0.41797    0.46050
4  715.06    0.41260    0.46027
5  858.03    0.40812    0.46018
6 1001.04    0.40425    0.46013
7 1144.05    0.40082    0.46014
8 1287.10    0.39773    0.46019
9 1430.08    0.39490    0.46029
10 1573.09    0.39231    0.46038
11 1716.12    0.38989    0.46048
12 1859.13    0.38763    0.46062
13 2002.11    0.38551    0.46077
14 2145.11    0.38350    0.46090
15 2288.09    0.38160    0.46106
16 2431.08    0.37980    0.46121
17 2574.11    0.37807    0.46137
18 2717.09    0.37642    0.46152
19 2860.14    0.37484    0.46169
0 1433.62    0.45056    0.45435
1 2867.30    0.43947    0.45266
2 4301.10    0.43591    0.45186
3 5734.85    0.43355    0.45138
4 7168.59    0.43176    0.45106
5 8602.31    0.43029    0.45085
6 10062.27    0.42905    0.45070
7 11537.28    0.42797    0.45057
8 13011.32    0.42701    0.45050
9 14485.34    0.42614    0.45043
10 15959.31    0.42534    0.45036
11 17526.34    0.42461    0.45033
12 19158.37    0.42393    0.45031
13 20632.00    0.42330    0.45030
14 22106.08    0.42270    0.45028
15 23791.04    0.42214    0.45029
16 25580.59    0.42161    0.45030
17 27372.81    0.42110    0.45030
18 29165.42    0.42062    0.45031
19 30961.14    0.42016    0.45033
