filter out features that appear less than 10 times

===============================
0   15.29    0.47597    0.47371
1   30.61    0.38928    0.47276
2   45.94    0.35674    0.47265
3   61.26    0.33441    0.47322
4   76.59    0.31721    0.47412
5   91.91    0.30316    0.47523
6  107.24    0.29131    0.47617
7  122.56    0.28104    0.47719
8  137.89    0.27198    0.47827
9  153.16    0.26388    0.47937
logloss = 0.47937
0.4793702381628066
0  152.28    0.46118    0.46308
1  304.64    0.42585    0.46135
2  456.92    0.41330    0.46081
3  609.18    0.40457    0.46065
4  761.55    0.39771    0.46068
5  913.90    0.39199    0.46083
6 1066.21    0.38706    0.46101
7 1218.55    0.38270    0.46121
8 1370.88    0.37878    0.46147
9 1523.37    0.37521    0.46175
logloss = 0.46175
0.46175338968140656
0 1515.14    0.44936    0.45322
1 3029.23    0.43591    0.45165
2 4543.13    0.43157    0.45096
3 6056.66    0.42868    0.45059
4 7570.08    0.42647    0.45035
5 9083.61    0.42468    0.45024
6 10597.06    0.42315    0.45017
7 12110.84    0.42181    0.45011
8 13624.17    0.42063    0.45012
9 15137.59    0.41956    0.45012
logloss = 0.45012
0.45011850681838006
