add a feature to indicate if a field's value is too small

================================
0   15.53    0.47533    0.47305
1   31.07    0.39435    0.47202
2   46.61    0.36401    0.47189
3   62.15    0.34310    0.47239
4   77.69    0.32692    0.47323
5   93.22    0.31363    0.47429
6  108.76    0.30238    0.47514
7  124.21    0.29259    0.47609
8  139.75    0.28391    0.47707
9  155.29    0.27613    0.47811
logloss = 0.47811
0.4781133050975777
0  155.24    0.46048    0.46241
1  310.54    0.42789    0.46073
2  465.83    0.41645    0.46022
3  621.16    0.40850    0.46008
4  776.42    0.40227    0.46011
5  931.70    0.39708    0.46025
6 1086.93    0.39260    0.46042
7 1242.33    0.38863    0.46062
8 1397.65    0.38506    0.46086
9 1552.95    0.38181    0.46114
logloss = 0.46114
0.4611367978374161
0 1594.83    0.44907    0.45305
1 3190.13    0.43680    0.45163
2 4786.02    0.43290    0.45101
3 6381.14    0.43032    0.45067
4 7973.72    0.42834    0.45046
5 9568.72    0.42674    0.45035
6 11161.66    0.42537    0.45029
7 12755.50    0.42418    0.45024
8 14414.89    0.42311    0.45025
9 16332.71    0.42216    0.45024
logloss = 0.45024
0.450240850584053
